# JRE version: Java(TM) SE Runtime Environment (8.0_151-b12) (build 1.8.0_151-b12)
# Java VM: Java HotSpot(TM) Client VM (25.151-b12 mixed mode windows-x86 )
Heap:
 def new generation   total 73280K, used 8128K [0x04600000, 0x09580000, 0x09b50000)
  eden space 65152K,   0% used [0x04600000, 0x04600000, 0x085a0000)
  from space 8128K, 100% used [0x08d90000, 0x09580000, 0x09580000)
  to   space 8128K,   0% used [0x085a0000, 0x085a0000, 0x08d90000)
 tenured generation   total 164008K, used 163975K [0x09b50000, 0x13b7a000, 0x14600000)
   the space 164008K,  99% used [0x09b50000, 0x13b71ca8, 0x0d926e00, 0x13b7a000)
 Metaspace       used 22948K, capacity 23848K, committed 23936K, reserved 23936K
GC Heap History (10 events):
Event: 84924.062 GC heap after
Heap after GC invocations=189 (full 18):
 def new generation   total 73280K, used 2163K [0x04600000, 0x09580000, 0x09b50000)
  eden space 65152K,   0% used [0x04600000, 0x04600000, 0x085a0000)
  from space 8128K,  26% used [0x085a0000, 0x087bcf20, 0x08d90000)
  to   space 8128K,   0% used [0x08d90000, 0x08d90000, 0x09580000)
 tenured generation   total 162728K, used 104089K [0x09b50000, 0x13a3a000, 0x14600000)
   the space 162728K,  63% used [0x09b50000, 0x100f64d8, 0x100f6600, 0x13a3a000)
 Metaspace       used 22936K, capacity 23825K, committed 23936K, reserved 23936K
}
Event: 84925.088 GC heap before
{Heap before GC invocations=189 (full 18):
 def new generation   total 73280K, used 67315K [0x04600000, 0x09580000, 0x09b50000)
  eden space 65152K, 100% used [0x04600000, 0x085a0000, 0x085a0000)
  from space 8128K,  26% used [0x085a0000, 0x087bcf20, 0x08d90000)
  to   space 8128K,   0% used [0x08d90000, 0x08d90000, 0x09580000)
 tenured generation   total 162728K, used 104089K [0x09b50000, 0x13a3a000, 0x14600000)
   the space 162728K,  63% used [0x09b50000, 0x100f64d8, 0x100f6600, 0x13a3a000)
 Metaspace       used 22936K, capacity 23825K, committed 23936K, reserved 23936K
Event: 84925.234 GC heap after
Heap after GC invocations=190 (full 18):
 def new generation   total 73280K, used 8128K [0x04600000, 0x09580000, 0x09b50000)
  eden space 65152K,   0% used [0x04600000, 0x04600000, 0x085a0000)
  from space 8128K, 100% used [0x08d90000, 0x09580000, 0x09580000)
  to   space 8128K,   0% used [0x085a0000, 0x085a0000, 0x08d90000)
 tenured generation   total 162728K, used 117830K [0x09b50000, 0x13a3a000, 0x14600000)
   the space 162728K,  72% used [0x09b50000, 0x10e61818, 0x10e61a00, 0x13a3a000)
 Metaspace       used 22936K, capacity 23825K, committed 23936K, reserved 23936K
}
Event: 84926.516 GC heap before
{Heap before GC invocations=190 (full 18):
 def new generation   total 73280K, used 73280K [0x04600000, 0x09580000, 0x09b50000)
  eden space 65152K, 100% used [0x04600000, 0x085a0000, 0x085a0000)
  from space 8128K, 100% used [0x08d90000, 0x09580000, 0x09580000)
  to   space 8128K,   0% used [0x085a0000, 0x085a0000, 0x08d90000)
 tenured generation   total 162728K, used 117830K [0x09b50000, 0x13a3a000, 0x14600000)
   the space 162728K,  72% used [0x09b50000, 0x10e61818, 0x10e61a00, 0x13a3a000)
 Metaspace       used 22940K, capacity 23833K, committed 23936K, reserved 23936K
Event: 84926.567 GC heap after
Heap after GC invocations=191 (full 18):
 def new generation   total 73280K, used 1103K [0x04600000, 0x09580000, 0x09b50000)
  eden space 65152K,   0% used [0x04600000, 0x04600000, 0x085a0000)
  from space 8128K,  13% used [0x085a0000, 0x086b3f40, 0x08d90000)
  to   space 8128K,   0% used [0x08d90000, 0x08d90000, 0x09580000)
 tenured generation   total 162728K, used 125797K [0x09b50000, 0x13a3a000, 0x14600000)
   the space 162728K,  77% used [0x09b50000, 0x116296b0, 0x11629800, 0x13a3a000)
 Metaspace       used 22940K, capacity 23833K, committed 23936K, reserved 23936K
}
Event: 84928.294 GC heap before
{Heap before GC invocations=191 (full 18):
 def new generation   total 73280K, used 66255K [0x04600000, 0x09580000, 0x09b50000)
  eden space 65152K, 100% used [0x04600000, 0x085a0000, 0x085a0000)
  from space 8128K,  13% used [0x085a0000, 0x086b3f40, 0x08d90000)
  to   space 8128K,   0% used [0x08d90000, 0x08d90000, 0x09580000)
 tenured generation   total 162728K, used 125797K [0x09b50000, 0x13a3a000, 0x14600000)
   the space 162728K,  77% used [0x09b50000, 0x116296b0, 0x11629800, 0x13a3a000)
 Metaspace       used 22946K, capacity 23845K, committed 23936K, reserved 23936K
Event: 84928.314 GC heap after
Heap after GC invocations=192 (full 18):
 def new generation   total 73280K, used 3018K [0x04600000, 0x09580000, 0x09b50000)
  eden space 65152K,   0% used [0x04600000, 0x04600000, 0x085a0000)
  from space 8128K,  37% used [0x08d90000, 0x090829e8, 0x09580000)
  to   space 8128K,   0% used [0x085a0000, 0x085a0000, 0x08d90000)
 tenured generation   total 162728K, used 125797K [0x09b50000, 0x13a3a000, 0x14600000)
   the space 162728K,  77% used [0x09b50000, 0x116296b0, 0x11629800, 0x13a3a000)
 Metaspace       used 22946K, capacity 23845K, committed 23936K, reserved 23936K
}
Event: 84929.827 GC heap before
{Heap before GC invocations=192 (full 18):
 def new generation   total 73280K, used 68170K [0x04600000, 0x09580000, 0x09b50000)
  eden space 65152K, 100% used [0x04600000, 0x085a0000, 0x085a0000)
  from space 8128K,  37% used [0x08d90000, 0x090829e8, 0x09580000)
  to   space 8128K,   0% used [0x085a0000, 0x085a0000, 0x08d90000)
 tenured generation   total 162728K, used 125797K [0x09b50000, 0x13a3a000, 0x14600000)
   the space 162728K,  77% used [0x09b50000, 0x116296b0, 0x11629800, 0x13a3a000)
 Metaspace       used 22948K, capacity 23848K, committed 23936K, reserved 23936K
Event: 84929.920 GC heap after
Heap after GC invocations=193 (full 18):
 def new generation   total 73280K, used 8128K [0x04600000, 0x09580000, 0x09b50000)
  eden space 65152K,   0% used [0x04600000, 0x04600000, 0x085a0000)
  from space 8128K, 100% used [0x085a0000, 0x08d90000, 0x08d90000)
  to   space 8128K,   0% used [0x08d90000, 0x08d90000, 0x09580000)
 tenured generation   total 162728K, used 135784K [0x09b50000, 0x13a3a000, 0x14600000)
   the space 162728K,  83% used [0x09b50000, 0x11fea140, 0x11fea200, 0x13a3a000)
 Metaspace       used 22948K, capacity 23848K, committed 23936K, reserved 23936K
}
Event: 84930.887 GC heap before
{Heap before GC invocations=193 (full 18):
 def new generation   total 73280K, used 73280K [0x04600000, 0x09580000, 0x09b50000)
  eden space 65152K, 100% used [0x04600000, 0x085a0000, 0x085a0000)
  from space 8128K, 100% used [0x085a0000, 0x08d90000, 0x08d90000)
  to   space 8128K,   0% used [0x08d90000, 0x08d90000, 0x09580000)
 tenured generation   total 162728K, used 135784K [0x09b50000, 0x13a3a000, 0x14600000)
   the space 162728K,  83% used [0x09b50000, 0x11fea140, 0x11fea200, 0x13a3a000)
 Metaspace       used 22948K, capacity 23848K, committed 23936K, reserved 23936K

